# JRE version: OpenJDK Runtime Environment Temurin-21.0.10+7 (21.0.10+7) (build 21.0.10+7-LTS)
# Java VM: OpenJDK 64-Bit Server VM Temurin-21.0.10+7 (21.0.10+7-LTS, mixed mode, sharing, tiered, compressed oops, compressed class ptrs, parallel gc, windows-amd64)
GC Precious Log:
 CardTable entry size: 512
 CPUs: 4 total, 4 available
 Memory: 3918M
 Large Page Support: Disabled
 NUMA Support: Disabled
 Compressed Oops: Enabled (32-bit)
 Alignments: Space 512K, Generation 512K, Heap 2M
 Heap Min Capacity: 100M
 Heap Initial Capacity: 100M
 Heap Max Capacity: 2G
 Pre-touch: Disabled
 Parallel Workers: 4
Heap:
 PSYoungGen      total 10752K, used 683K [0x00000000d5580000, 0x00000000d6480000, 0x0000000100000000)
  eden space 9216K, 1% used [0x00000000d5580000,0x00000000d559afa8,0x00000000d5e80000)
  from space 1536K, 37% used [0x00000000d6180000,0x00000000d6210000,0x00000000d6300000)
  to   space 1024K, 0% used [0x00000000d6380000,0x00000000d6380000,0x00000000d6480000)
 ParOldGen       total 113152K, used 113103K [0x0000000080000000, 0x0000000086e80000, 0x00000000d5580000)
  object space 113152K, 99% used [0x0000000080000000,0x0000000086e73d40,0x0000000086e80000)
 Metaspace       used 68132K, committed 69568K, reserved 1114112K
  class space    used 7195K, committed 7808K, reserved 1048576K
GC Heap History (20 events):
Event: 53.028 GC heap before
{Heap before GC invocations=103 (full 3):
 PSYoungGen      total 10240K, used 9440K [0x00000000d5580000, 0x00000000d6780000, 0x0000000100000000)
  eden space 9216K, 100% used [0x00000000d5580000,0x00000000d5e80000,0x00000000d5e80000)
  from space 1024K, 21% used [0x00000000d6580000,0x00000000d65b8020,0x00000000d6680000)
  to   space 512K, 0% used [0x00000000d6700000,0x00000000d6700000,0x00000000d6780000)
 ParOldGen       total 104960K, used 104472K [0x0000000080000000, 0x0000000086680000, 0x00000000d5580000)
  object space 104960K, 99% used [0x0000000080000000,0x0000000086606110,0x0000000086680000)
 Metaspace       used 64298K, committed 65664K, reserved 1114112K
  class space    used 6861K, committed 7424K, reserved 1048576K
}
Event: 53.033 GC heap after
{Heap after GC invocations=103 (full 3):
 PSYoungGen      total 9728K, used 489K [0x00000000d5580000, 0x00000000d6780000, 0x0000000100000000)
  eden space 9216K, 0% used [0x00000000d5580000,0x00000000d5580000,0x00000000d5e80000)
  from space 512K, 95% used [0x00000000d6700000,0x00000000d677a480,0x00000000d6780000)
  to   space 1024K, 0% used [0x00000000d6580000,0x00000000d6580000,0x00000000d6680000)
 ParOldGen       total 104960K, used 104814K [0x0000000080000000, 0x0000000086680000, 0x00000000d5580000)
  object space 104960K, 99% used [0x0000000080000000,0x000000008665ba18,0x0000000086680000)
 Metaspace       used 64298K, committed 65664K, reserved 1114112K
  class space    used 6861K, committed 7424K, reserved 1048576K
}
Event: 53.498 GC heap before
{Heap before GC invocations=104 (full 3):
 PSYoungGen      total 9728K, used 9705K [0x00000000d5580000, 0x00000000d6780000, 0x0000000100000000)
  eden space 9216K, 100% used [0x00000000d5580000,0x00000000d5e80000,0x00000000d5e80000)
  from space 512K, 95% used [0x00000000d6700000,0x00000000d677a480,0x00000000d6780000)
  to   space 1024K, 0% used [0x00000000d6580000,0x00000000d6580000,0x00000000d6680000)
 ParOldGen       total 104960K, used 104814K [0x0000000080000000, 0x0000000086680000, 0x00000000d5580000)
  object space 104960K, 99% used [0x0000000080000000,0x000000008665ba18,0x0000000086680000)
 Metaspace       used 64417K, committed 65792K, reserved 1114112K
  class space    used 6872K, committed 7424K, reserved 1048576K
}
Event: 53.503 GC heap after
{Heap after GC invocations=104 (full 3):
 PSYoungGen      total 10240K, used 992K [0x00000000d5580000, 0x00000000d6780000, 0x0000000100000000)
  eden space 9216K, 0% used [0x00000000d5580000,0x00000000d5580000,0x00000000d5e80000)
  from space 1024K, 96% used [0x00000000d6580000,0x00000000d6678000,0x00000000d6680000)
  to   space 1024K, 0% used [0x00000000d6680000,0x00000000d6680000,0x00000000d6780000)
 ParOldGen       total 105472K, used 105292K [0x0000000080000000, 0x0000000086700000, 0x00000000d5580000)
  object space 105472K, 99% used [0x0000000080000000,0x00000000866d31c0,0x0000000086700000)
 Metaspace       used 64417K, committed 65792K, reserved 1114112K
  class space    used 6872K, committed 7424K, reserved 1048576K
}
Event: 54.201 GC heap before
{Heap before GC invocations=105 (full 3):
 PSYoungGen      total 10240K, used 10208K [0x00000000d5580000, 0x00000000d6780000, 0x0000000100000000)
  eden space 9216K, 100% used [0x00000000d5580000,0x00000000d5e80000,0x00000000d5e80000)
  from space 1024K, 96% used [0x00000000d6580000,0x00000000d6678000,0x00000000d6680000)
  to   space 1024K, 0% used [0x00000000d6680000,0x00000000d6680000,0x00000000d6780000)
 ParOldGen       total 105472K, used 105292K [0x0000000080000000, 0x0000000086700000, 0x00000000d5580000)
  object space 105472K, 99% used [0x0000000080000000,0x00000000866d31c0,0x0000000086700000)
 Metaspace       used 65236K, committed 66688K, reserved 1114112K
  class space    used 6956K, committed 7552K, reserved 1048576K
}
Event: 54.210 GC heap after
{Heap after GC invocations=105 (full 3):
 PSYoungGen      total 10240K, used 1008K [0x00000000d5580000, 0x00000000d6780000, 0x0000000100000000)
  eden space 9216K, 0% used [0x00000000d5580000,0x00000000d5580000,0x00000000d5e80000)
  from space 1024K, 98% used [0x00000000d6680000,0x00000000d677c090,0x00000000d6780000)
  to   space 2560K, 0% used [0x00000000d6280000,0x00000000d6280000,0x00000000d6500000)
 ParOldGen       total 106496K, used 106475K [0x0000000080000000, 0x0000000086800000, 0x00000000d5580000)
  object space 106496K, 99% used [0x0000000080000000,0x00000000867fac98,0x0000000086800000)
 Metaspace       used 65236K, committed 66688K, reserved 1114112K
  class space    used 6956K, committed 7552K, reserved 1048576K
}
Event: 55.733 GC heap before
{Heap before GC invocations=106 (full 3):
 PSYoungGen      total 10240K, used 10179K [0x00000000d5580000, 0x00000000d6780000, 0x0000000100000000)
  eden space 9216K, 99% used [0x00000000d5580000,0x00000000d5e74e38,0x00000000d5e80000)
  from space 1024K, 98% used [0x00000000d6680000,0x00000000d677c090,0x00000000d6780000)
  to   space 2560K, 0% used [0x00000000d6280000,0x00000000d6280000,0x00000000d6500000)
 ParOldGen       total 106496K, used 106475K [0x0000000080000000, 0x0000000086800000, 0x00000000d5580000)
  object space 106496K, 99% used [0x0000000080000000,0x00000000867fac98,0x0000000086800000)
 Metaspace       used 65912K, committed 67264K, reserved 1114112K
  class space    used 6991K, committed 7552K, reserved 1048576K
}
Event: 55.744 GC heap after
{Heap after GC invocations=106 (full 3):
 PSYoungGen      total 11776K, used 1466K [0x00000000d5580000, 0x00000000d6700000, 0x0000000100000000)
  eden space 9216K, 0% used [0x00000000d5580000,0x00000000d5580000,0x00000000d5e80000)
  from space 2560K, 57% used [0x00000000d6280000,0x00000000d63ee8f8,0x00000000d6500000)
  to   space 2048K, 0% used [0x00000000d6500000,0x00000000d6500000,0x00000000d6700000)
 ParOldGen       total 107520K, used 107481K [0x0000000080000000, 0x0000000086900000, 0x00000000d5580000)
  object space 107520K, 99% used [0x0000000080000000,0x00000000868f6598,0x0000000086900000)
 Metaspace       used 65912K, committed 67264K, reserved 1114112K
  class space    used 6991K, committed 7552K, reserved 1048576K
}
Event: 57.732 GC heap before
{Heap before GC invocations=107 (full 3):
 PSYoungGen      total 11776K, used 10682K [0x00000000d5580000, 0x00000000d6700000, 0x0000000100000000)
  eden space 9216K, 100% used [0x00000000d5580000,0x00000000d5e80000,0x00000000d5e80000)
  from space 2560K, 57% used [0x00000000d6280000,0x00000000d63ee8f8,0x00000000d6500000)
  to   space 2048K, 0% used [0x00000000d6500000,0x00000000d6500000,0x00000000d6700000)
 ParOldGen       total 107520K, used 107481K [0x0000000080000000, 0x0000000086900000, 0x00000000d5580000)
  object space 107520K, 99% used [0x0000000080000000,0x00000000868f6598,0x0000000086900000)
 Metaspace       used 66128K, committed 67520K, reserved 1114112K
  class space    used 7000K, committed 7552K, reserved 1048576K
}
Event: 57.740 GC heap after
{Heap after GC invocations=107 (full 3):
 PSYoungGen      total 11264K, used 1551K [0x00000000d5580000, 0x00000000d6700000, 0x0000000100000000)
  eden space 9216K, 0% used [0x00000000d5580000,0x00000000d5580000,0x00000000d5e80000)
  from space 2048K, 75% used [0x00000000d6500000,0x00000000d6683db8,0x00000000d6700000)
  to   space 2048K, 0% used [0x00000000d6300000,0x00000000d6300000,0x00000000d6500000)
 ParOldGen       total 109056K, used 108880K [0x0000000080000000, 0x0000000086a80000, 0x00000000d5580000)
  object space 109056K, 99% used [0x0000000080000000,0x0000000086a541b0,0x0000000086a80000)
 Metaspace       used 66128K, committed 67520K, reserved 1114112K
  class space    used 7000K, committed 7552K, reserved 1048576K
}
Event: 59.163 GC heap before
{Heap before GC invocations=108 (full 3):
 PSYoungGen      total 11264K, used 10759K [0x00000000d5580000, 0x00000000d6700000, 0x0000000100000000)
  eden space 9216K, 99% used [0x00000000d5580000,0x00000000d5e7e198,0x00000000d5e80000)
  from space 2048K, 75% used [0x00000000d6500000,0x00000000d6683db8,0x00000000d6700000)
  to   space 2048K, 0% used [0x00000000d6300000,0x00000000d6300000,0x00000000d6500000)
 ParOldGen       total 109056K, used 108880K [0x0000000080000000, 0x0000000086a80000, 0x00000000d5580000)
  object space 109056K, 99% used [0x0000000080000000,0x0000000086a541b0,0x0000000086a80000)
 Metaspace       used 66587K, committed 67968K, reserved 1114112K
  class space    used 7020K, committed 7616K, reserved 1048576K
}
Event: 59.173 GC heap after
{Heap after GC invocations=108 (full 3):
 PSYoungGen      total 10240K, used 786K [0x00000000d5580000, 0x00000000d6580000, 0x0000000100000000)
  eden space 9216K, 0% used [0x00000000d5580000,0x00000000d5580000,0x00000000d5e80000)
  from space 1024K, 76% used [0x00000000d6300000,0x00000000d63c4980,0x00000000d6400000)
  to   space 1536K, 0% used [0x00000000d6400000,0x00000000d6400000,0x00000000d6580000)
 ParOldGen       total 110592K, used 110314K [0x0000000080000000, 0x0000000086c00000, 0x00000000d5580000)
  object space 110592K, 99% used [0x0000000080000000,0x0000000086bbaab0,0x0000000086c00000)
 Metaspace       used 66587K, committed 67968K, reserved 1114112K
  class space    used 7020K, committed 7616K, reserved 1048576K
}
Event: 63.587 GC heap before
{Heap before GC invocations=109 (full 3):
 PSYoungGen      total 10240K, used 10002K [0x00000000d5580000, 0x00000000d6580000, 0x0000000100000000)
  eden space 9216K, 100% used [0x00000000d5580000,0x00000000d5e80000,0x00000000d5e80000)
  from space 1024K, 76% used [0x00000000d6300000,0x00000000d63c4980,0x00000000d6400000)
  to   space 1536K, 0% used [0x00000000d6400000,0x00000000d6400000,0x00000000d6580000)
 ParOldGen       total 110592K, used 110314K [0x0000000080000000, 0x0000000086c00000, 0x00000000d5580000)
  object space 110592K, 99% used [0x0000000080000000,0x0000000086bbaab0,0x0000000086c00000)
 Metaspace       used 66817K, committed 68160K, reserved 1114112K
  class space    used 7061K, committed 7616K, reserved 1048576K
}
Event: 63.593 GC heap after
{Heap after GC invocations=109 (full 3):
 PSYoungGen      total 10752K, used 1248K [0x00000000d5580000, 0x00000000d6580000, 0x0000000100000000)
  eden space 9216K, 0% used [0x00000000d5580000,0x00000000d5580000,0x00000000d5e80000)
  from space 1536K, 81% used [0x00000000d6400000,0x00000000d6538000,0x00000000d6580000)
  to   space 1536K, 0% used [0x00000000d6280000,0x00000000d6280000,0x00000000d6400000)
 ParOldGen       total 111104K, used 111034K [0x0000000080000000, 0x0000000086c80000, 0x00000000d5580000)
  object space 111104K, 99% used [0x0000000080000000,0x0000000086c6eb98,0x0000000086c80000)
 Metaspace       used 66817K, committed 68160K, reserved 1114112K
  class space    used 7061K, committed 7616K, reserved 1048576K
}
Event: 64.618 GC heap before
{Heap before GC invocations=110 (full 3):
 PSYoungGen      total 10752K, used 10464K [0x00000000d5580000, 0x00000000d6580000, 0x0000000100000000)
  eden space 9216K, 100% used [0x00000000d5580000,0x00000000d5e80000,0x00000000d5e80000)
  from space 1536K, 81% used [0x00000000d6400000,0x00000000d6538000,0x00000000d6580000)
  to   space 1536K, 0% used [0x00000000d6280000,0x00000000d6280000,0x00000000d6400000)
 ParOldGen       total 111104K, used 111034K [0x0000000080000000, 0x0000000086c80000, 0x00000000d5580000)
  object space 111104K, 99% used [0x0000000080000000,0x0000000086c6eb98,0x0000000086c80000)
 Metaspace       used 67046K, committed 68480K, reserved 1114112K
  class space    used 7091K, committed 7680K, reserved 1048576K
}
Event: 64.624 GC heap after
{Heap after GC invocations=110 (full 3):
 PSYoungGen      total 10752K, used 1120K [0x00000000d5580000, 0x00000000d6480000, 0x0000000100000000)
  eden space 9216K, 0% used [0x00000000d5580000,0x00000000d5580000,0x00000000d5e80000)
  from space 1536K, 72% used [0x00000000d6280000,0x00000000d6398000,0x00000000d6400000)
  to   space 512K, 0% used [0x00000000d6400000,0x00000000d6400000,0x00000000d6480000)
 ParOldGen       total 112128K, used 112070K [0x0000000080000000, 0x0000000086d80000, 0x00000000d5580000)
  object space 112128K, 99% used [0x0000000080000000,0x0000000086d71ba8,0x0000000086d80000)
 Metaspace       used 67046K, committed 68480K, reserved 1114112K
  class space    used 7091K, committed 7680K, reserved 1048576K
}
Event: 65.812 GC heap before
{Heap before GC invocations=111 (full 3):
 PSYoungGen      total 10752K, used 10336K [0x00000000d5580000, 0x00000000d6480000, 0x0000000100000000)
  eden space 9216K, 100% used [0x00000000d5580000,0x00000000d5e80000,0x00000000d5e80000)
  from space 1536K, 72% used [0x00000000d6280000,0x00000000d6398000,0x00000000d6400000)
  to   space 512K, 0% used [0x00000000d6400000,0x00000000d6400000,0x00000000d6480000)
 ParOldGen       total 112128K, used 112070K [0x0000000080000000, 0x0000000086d80000, 0x00000000d5580000)
  object space 112128K, 99% used [0x0000000080000000,0x0000000086d71ba8,0x0000000086d80000)
 Metaspace       used 67693K, committed 69184K, reserved 1114112K
  class space    used 7149K, committed 7744K, reserved 1048576K
}
Event: 65.818 GC heap after
{Heap after GC invocations=111 (full 3):
 PSYoungGen      total 9728K, used 485K [0x00000000d5580000, 0x00000000d6480000, 0x0000000100000000)
  eden space 9216K, 0% used [0x00000000d5580000,0x00000000d5580000,0x00000000d5e80000)
  from space 512K, 94% used [0x00000000d6400000,0x00000000d6479420,0x00000000d6480000)
  to   space 1536K, 0% used [0x00000000d6180000,0x00000000d6180000,0x00000000d6300000)
 ParOldGen       total 113152K, used 112730K [0x0000000080000000, 0x0000000086e80000, 0x00000000d5580000)
  object space 113152K, 99% used [0x0000000080000000,0x0000000086e16bb8,0x0000000086e80000)
 Metaspace       used 67693K, committed 69184K, reserved 1114112K
  class space    used 7149K, committed 7744K, reserved 1048576K
}
Event: 68.423 GC heap before
{Heap before GC invocations=112 (full 3):
 PSYoungGen      total 9728K, used 9701K [0x00000000d5580000, 0x00000000d6480000, 0x0000000100000000)
  eden space 9216K, 100% used [0x00000000d5580000,0x00000000d5e80000,0x00000000d5e80000)
  from space 512K, 94% used [0x00000000d6400000,0x00000000d6479420,0x00000000d6480000)
  to   space 1536K, 0% used [0x00000000d6180000,0x00000000d6180000,0x00000000d6300000)
 ParOldGen       total 113152K, used 112730K [0x0000000080000000, 0x0000000086e80000, 0x00000000d5580000)
  object space 113152K, 99% used [0x0000000080000000,0x0000000086e16bb8,0x0000000086e80000)
 Metaspace       used 68132K, committed 69568K, reserved 1114112K
  class space    used 7195K, committed 7808K, reserved 1048576K
}
Event: 68.427 GC heap after
{Heap after GC invocations=112 (full 3):
 PSYoungGen      total 10752K, used 576K [0x00000000d5580000, 0x00000000d6480000, 0x0000000100000000)
  eden space 9216K, 0% used [0x00000000d5580000,0x00000000d5580000,0x00000000d5e80000)
  from space 1536K, 37% used [0x00000000d6180000,0x00000000d6210000,0x00000000d6300000)
  to   space 1024K, 0% used [0x00000000d6380000,0x00000000d6380000,0x00000000d6480000)
 ParOldGen       total 113152K, used 113103K [0x0000000080000000, 0x0000000086e80000, 0x00000000d5580000)
  object space 113152K, 99% used [0x0000000080000000,0x0000000086e73d40,0x0000000086e80000)
 Metaspace       used 68132K, committed 69568K, reserved 1114112K
  class space    used 7195K, committed 7808K, reserved 1048576K
}

