# JRE version: OpenJDK Runtime Environment Temurin-21.0.10+7 (21.0.10+7) (build 21.0.10+7-LTS)
# Java VM: OpenJDK 64-Bit Server VM Temurin-21.0.10+7 (21.0.10+7-LTS, mixed mode, sharing, tiered, compressed oops, compressed class ptrs, parallel gc, windows-amd64)
GC Precious Log:
 CardTable entry size: 512
 CPUs: 4 total, 4 available
 Memory: 3918M
 Large Page Support: Disabled
 NUMA Support: Disabled
 Compressed Oops: Enabled (32-bit)
 Alignments: Space 512K, Generation 512K, Heap 2M
 Heap Min Capacity: 100M
 Heap Initial Capacity: 100M
 Heap Max Capacity: 2G
 Pre-touch: Disabled
 Parallel Workers: 4
Heap:
 PSYoungGen      total 21504K, used 9955K [0x00000000d5580000, 0x00000000d7280000, 0x0000000100000000)
  eden space 17920K, 38% used [0x00000000d5580000,0x00000000d5c31fe0,0x00000000d6700000)
  from space 3584K, 86% used [0x00000000d6f00000,0x00000000d7206ea0,0x00000000d7280000)
  to   space 4608K, 0% used [0x00000000d6980000,0x00000000d6980000,0x00000000d6e00000)
 ParOldGen       total 113152K, used 72220K [0x0000000080000000, 0x0000000086e80000, 0x00000000d5580000)
  object space 113152K, 63% used [0x0000000080000000,0x0000000084687330,0x0000000086e80000)
 Metaspace       used 76324K, committed 78080K, reserved 1179648K
  class space    used 7785K, committed 8576K, reserved 1048576K
GC Heap History (20 events):
Event: 67251.841 GC heap before
{Heap before GC invocations=101 (full 3):
 PSYoungGen      total 20480K, used 18196K [0x00000000d5580000, 0x00000000d6d00000, 0x0000000100000000)
  eden space 17920K, 100% used [0x00000000d5580000,0x00000000d6700000,0x00000000d6700000)
  from space 2560K, 10% used [0x00000000d6880000,0x00000000d68c5200,0x00000000d6b00000)
  to   space 1024K, 0% used [0x00000000d6c00000,0x00000000d6c00000,0x00000000d6d00000)
 ParOldGen       total 106496K, used 106377K [0x0000000080000000, 0x0000000086800000, 0x00000000d5580000)
  object space 106496K, 99% used [0x0000000080000000,0x00000000867e26e8,0x0000000086800000)
 Metaspace       used 74939K, committed 76608K, reserved 1179648K
  class space    used 7729K, committed 8448K, reserved 1048576K
}
Event: 67251.853 GC heap after
{Heap after GC invocations=101 (full 3):
 PSYoungGen      total 18432K, used 426K [0x00000000d5580000, 0x00000000d6c80000, 0x0000000100000000)
  eden space 17920K, 0% used [0x00000000d5580000,0x00000000d5580000,0x00000000d6700000)
  from space 512K, 83% used [0x00000000d6c00000,0x00000000d6c6a910,0x00000000d6c80000)
  to   space 512K, 0% used [0x00000000d6b80000,0x00000000d6b80000,0x00000000d6c00000)
 ParOldGen       total 106496K, used 106401K [0x0000000080000000, 0x0000000086800000, 0x00000000d5580000)
  object space 106496K, 99% used [0x0000000080000000,0x00000000867e86e8,0x0000000086800000)
 Metaspace       used 74939K, committed 76608K, reserved 1179648K
  class space    used 7729K, committed 8448K, reserved 1048576K
}
Event: 67254.008 GC heap before
{Heap before GC invocations=102 (full 3):
 PSYoungGen      total 18432K, used 18346K [0x00000000d5580000, 0x00000000d6c80000, 0x0000000100000000)
  eden space 17920K, 100% used [0x00000000d5580000,0x00000000d6700000,0x00000000d6700000)
  from space 512K, 83% used [0x00000000d6c00000,0x00000000d6c6a910,0x00000000d6c80000)
  to   space 512K, 0% used [0x00000000d6b80000,0x00000000d6b80000,0x00000000d6c00000)
 ParOldGen       total 106496K, used 106401K [0x0000000080000000, 0x0000000086800000, 0x00000000d5580000)
  object space 106496K, 99% used [0x0000000080000000,0x00000000867e86e8,0x0000000086800000)
 Metaspace       used 74984K, committed 76672K, reserved 1179648K
  class space    used 7729K, committed 8448K, reserved 1048576K
}
Event: 67254.027 GC heap after
{Heap after GC invocations=102 (full 3):
 PSYoungGen      total 18432K, used 240K [0x00000000d5580000, 0x00000000d6c80000, 0x0000000100000000)
  eden space 17920K, 0% used [0x00000000d5580000,0x00000000d5580000,0x00000000d6700000)
  from space 512K, 46% used [0x00000000d6b80000,0x00000000d6bbc010,0x00000000d6c00000)
  to   space 512K, 0% used [0x00000000d6c00000,0x00000000d6c00000,0x00000000d6c80000)
 ParOldGen       total 106496K, used 106425K [0x0000000080000000, 0x0000000086800000, 0x00000000d5580000)
  object space 106496K, 99% used [0x0000000080000000,0x00000000867ee6e8,0x0000000086800000)
 Metaspace       used 74984K, committed 76672K, reserved 1179648K
  class space    used 7729K, committed 8448K, reserved 1048576K
}
Event: 67255.457 GC heap before
{Heap before GC invocations=103 (full 3):
 PSYoungGen      total 18432K, used 18160K [0x00000000d5580000, 0x00000000d6c80000, 0x0000000100000000)
  eden space 17920K, 100% used [0x00000000d5580000,0x00000000d6700000,0x00000000d6700000)
  from space 512K, 46% used [0x00000000d6b80000,0x00000000d6bbc010,0x00000000d6c00000)
  to   space 512K, 0% used [0x00000000d6c00000,0x00000000d6c00000,0x00000000d6c80000)
 ParOldGen       total 106496K, used 106425K [0x0000000080000000, 0x0000000086800000, 0x00000000d5580000)
  object space 106496K, 99% used [0x0000000080000000,0x00000000867ee6e8,0x0000000086800000)
 Metaspace       used 75045K, committed 76736K, reserved 1179648K
  class space    used 7732K, committed 8448K, reserved 1048576K
}
Event: 67255.464 GC heap after
{Heap after GC invocations=103 (full 3):
 PSYoungGen      total 18432K, used 500K [0x00000000d5580000, 0x00000000d6c80000, 0x0000000100000000)
  eden space 17920K, 0% used [0x00000000d5580000,0x00000000d5580000,0x00000000d6700000)
  from space 512K, 97% used [0x00000000d6c00000,0x00000000d6c7d200,0x00000000d6c80000)
  to   space 1024K, 0% used [0x00000000d6a80000,0x00000000d6a80000,0x00000000d6b80000)
 ParOldGen       total 107008K, used 106529K [0x0000000080000000, 0x0000000086880000, 0x00000000d5580000)
  object space 107008K, 99% used [0x0000000080000000,0x00000000868086e8,0x0000000086880000)
 Metaspace       used 75045K, committed 76736K, reserved 1179648K
  class space    used 7732K, committed 8448K, reserved 1048576K
}
Event: 67257.653 GC heap before
{Heap before GC invocations=104 (full 3):
 PSYoungGen      total 18432K, used 18420K [0x00000000d5580000, 0x00000000d6c80000, 0x0000000100000000)
  eden space 17920K, 100% used [0x00000000d5580000,0x00000000d6700000,0x00000000d6700000)
  from space 512K, 97% used [0x00000000d6c00000,0x00000000d6c7d200,0x00000000d6c80000)
  to   space 1024K, 0% used [0x00000000d6a80000,0x00000000d6a80000,0x00000000d6b80000)
 ParOldGen       total 107008K, used 106529K [0x0000000080000000, 0x0000000086880000, 0x00000000d5580000)
  object space 107008K, 99% used [0x0000000080000000,0x00000000868086e8,0x0000000086880000)
 Metaspace       used 75093K, committed 76736K, reserved 1179648K
  class space    used 7732K, committed 8448K, reserved 1048576K
}
Event: 67257.661 GC heap after
{Heap after GC invocations=104 (full 3):
 PSYoungGen      total 18944K, used 378K [0x00000000d5580000, 0x00000000d6c80000, 0x0000000100000000)
  eden space 17920K, 0% used [0x00000000d5580000,0x00000000d5580000,0x00000000d6700000)
  from space 1024K, 36% used [0x00000000d6a80000,0x00000000d6ade900,0x00000000d6b80000)
  to   space 512K, 0% used [0x00000000d6c00000,0x00000000d6c00000,0x00000000d6c80000)
 ParOldGen       total 107008K, used 106950K [0x0000000080000000, 0x0000000086880000, 0x00000000d5580000)
  object space 107008K, 99% used [0x0000000080000000,0x00000000868718f8,0x0000000086880000)
 Metaspace       used 75093K, committed 76736K, reserved 1179648K
  class space    used 7732K, committed 8448K, reserved 1048576K
}
Event: 67259.974 GC heap before
{Heap before GC invocations=105 (full 3):
 PSYoungGen      total 18944K, used 18298K [0x00000000d5580000, 0x00000000d6c80000, 0x0000000100000000)
  eden space 17920K, 100% used [0x00000000d5580000,0x00000000d6700000,0x00000000d6700000)
  from space 1024K, 36% used [0x00000000d6a80000,0x00000000d6ade900,0x00000000d6b80000)
  to   space 512K, 0% used [0x00000000d6c00000,0x00000000d6c00000,0x00000000d6c80000)
 ParOldGen       total 107008K, used 106950K [0x0000000080000000, 0x0000000086880000, 0x00000000d5580000)
  object space 107008K, 99% used [0x0000000080000000,0x00000000868718f8,0x0000000086880000)
 Metaspace       used 75223K, committed 76864K, reserved 1179648K
  class space    used 7738K, committed 8448K, reserved 1048576K
}
Event: 67259.981 GC heap after
{Heap after GC invocations=105 (full 3):
 PSYoungGen      total 18432K, used 484K [0x00000000d5580000, 0x00000000d6c80000, 0x0000000100000000)
  eden space 17920K, 0% used [0x00000000d5580000,0x00000000d5580000,0x00000000d6700000)
  from space 512K, 94% used [0x00000000d6c00000,0x00000000d6c79210,0x00000000d6c80000)
  to   space 1024K, 0% used [0x00000000d6a80000,0x00000000d6a80000,0x00000000d6b80000)
 ParOldGen       total 107008K, used 106974K [0x0000000080000000, 0x0000000086880000, 0x00000000d5580000)
  object space 107008K, 99% used [0x0000000080000000,0x00000000868778f8,0x0000000086880000)
 Metaspace       used 75223K, committed 76864K, reserved 1179648K
  class space    used 7738K, committed 8448K, reserved 1048576K
}
Event: 67264.908 GC heap before
{Heap before GC invocations=106 (full 3):
 PSYoungGen      total 18432K, used 18404K [0x00000000d5580000, 0x00000000d6c80000, 0x0000000100000000)
  eden space 17920K, 100% used [0x00000000d5580000,0x00000000d6700000,0x00000000d6700000)
  from space 512K, 94% used [0x00000000d6c00000,0x00000000d6c79210,0x00000000d6c80000)
  to   space 1024K, 0% used [0x00000000d6a80000,0x00000000d6a80000,0x00000000d6b80000)
 ParOldGen       total 107008K, used 106974K [0x0000000080000000, 0x0000000086880000, 0x00000000d5580000)
  object space 107008K, 99% used [0x0000000080000000,0x00000000868778f8,0x0000000086880000)
 Metaspace       used 75251K, committed 76864K, reserved 1179648K
  class space    used 7738K, committed 8448K, reserved 1048576K
}
Event: 67264.916 GC heap after
{Heap after GC invocations=106 (full 3):
 PSYoungGen      total 18944K, used 974K [0x00000000d5580000, 0x00000000d6c80000, 0x0000000100000000)
  eden space 17920K, 0% used [0x00000000d5580000,0x00000000d5580000,0x00000000d6700000)
  from space 1024K, 95% used [0x00000000d6a80000,0x00000000d6b73b20,0x00000000d6b80000)
  to   space 1024K, 0% used [0x00000000d6b80000,0x00000000d6b80000,0x00000000d6c80000)
 ParOldGen       total 107520K, used 107438K [0x0000000080000000, 0x0000000086900000, 0x00000000d5580000)
  object space 107520K, 99% used [0x0000000080000000,0x00000000868ebbd0,0x0000000086900000)
 Metaspace       used 75251K, committed 76864K, reserved 1179648K
  class space    used 7738K, committed 8448K, reserved 1048576K
}
Event: 67269.549 GC heap before
{Heap before GC invocations=107 (full 3):
 PSYoungGen      total 18944K, used 18894K [0x00000000d5580000, 0x00000000d6c80000, 0x0000000100000000)
  eden space 17920K, 100% used [0x00000000d5580000,0x00000000d6700000,0x00000000d6700000)
  from space 1024K, 95% used [0x00000000d6a80000,0x00000000d6b73b20,0x00000000d6b80000)
  to   space 1024K, 0% used [0x00000000d6b80000,0x00000000d6b80000,0x00000000d6c80000)
 ParOldGen       total 107520K, used 107438K [0x0000000080000000, 0x0000000086900000, 0x00000000d5580000)
  object space 107520K, 99% used [0x0000000080000000,0x00000000868ebbd0,0x0000000086900000)
 Metaspace       used 76143K, committed 77824K, reserved 1179648K
  class space    used 7848K, committed 8576K, reserved 1048576K
}
Event: 67269.567 GC heap after
{Heap after GC invocations=107 (full 3):
 PSYoungGen      total 18944K, used 1016K [0x00000000d5580000, 0x00000000d6f00000, 0x0000000100000000)
  eden space 17920K, 0% used [0x00000000d5580000,0x00000000d5580000,0x00000000d6700000)
  from space 1024K, 99% used [0x00000000d6b80000,0x00000000d6c7e240,0x00000000d6c80000)
  to   space 4096K, 0% used [0x00000000d6700000,0x00000000d6700000,0x00000000d6b00000)
 ParOldGen       total 110080K, used 109737K [0x0000000080000000, 0x0000000086b80000, 0x00000000d5580000)
  object space 110080K, 99% used [0x0000000080000000,0x0000000086b2a5d0,0x0000000086b80000)
 Metaspace       used 76143K, committed 77824K, reserved 1179648K
  class space    used 7848K, committed 8576K, reserved 1048576K
}
Event: 67270.792 GC heap before
{Heap before GC invocations=108 (full 3):
 PSYoungGen      total 18944K, used 13048K [0x00000000d5580000, 0x00000000d6f00000, 0x0000000100000000)
  eden space 17920K, 67% used [0x00000000d5580000,0x00000000d6140170,0x00000000d6700000)
  from space 1024K, 99% used [0x00000000d6b80000,0x00000000d6c7e240,0x00000000d6c80000)
  to   space 4096K, 0% used [0x00000000d6700000,0x00000000d6700000,0x00000000d6b00000)
 ParOldGen       total 110080K, used 109737K [0x0000000080000000, 0x0000000086b80000, 0x00000000d5580000)
  object space 110080K, 99% used [0x0000000080000000,0x0000000086b2a5d0,0x0000000086b80000)
 Metaspace       used 76236K, committed 77888K, reserved 1179648K
  class space    used 7853K, committed 8576K, reserved 1048576K
}
Event: 67270.826 GC heap after
{Heap after GC invocations=108 (full 3):
 PSYoungGen      total 22016K, used 4091K [0x00000000d5580000, 0x00000000d7700000, 0x0000000100000000)
  eden space 17920K, 0% used [0x00000000d5580000,0x00000000d5580000,0x00000000d6700000)
  from space 4096K, 99% used [0x00000000d6700000,0x00000000d6afec80,0x00000000d6b00000)
  to   space 8192K, 0% used [0x00000000d6f00000,0x00000000d6f00000,0x00000000d7700000)
 ParOldGen       total 113152K, used 112845K [0x0000000080000000, 0x0000000086e80000, 0x00000000d5580000)
  object space 113152K, 99% used [0x0000000080000000,0x0000000086e33548,0x0000000086e80000)
 Metaspace       used 76236K, committed 77888K, reserved 1179648K
  class space    used 7853K, committed 8576K, reserved 1048576K
}
Event: 67270.826 GC heap before
{Heap before GC invocations=109 (full 4):
 PSYoungGen      total 22016K, used 4091K [0x00000000d5580000, 0x00000000d7700000, 0x0000000100000000)
  eden space 17920K, 0% used [0x00000000d5580000,0x00000000d5580000,0x00000000d6700000)
  from space 4096K, 99% used [0x00000000d6700000,0x00000000d6afec80,0x00000000d6b00000)
  to   space 8192K, 0% used [0x00000000d6f00000,0x00000000d6f00000,0x00000000d7700000)
 ParOldGen       total 113152K, used 112845K [0x0000000080000000, 0x0000000086e80000, 0x00000000d5580000)
  object space 113152K, 99% used [0x0000000080000000,0x0000000086e33548,0x0000000086e80000)
 Metaspace       used 76236K, committed 77888K, reserved 1179648K
  class space    used 7853K, committed 8576K, reserved 1048576K
}
Event: 67274.406 GC heap after
{Heap after GC invocations=109 (full 4):
 PSYoungGen      total 22016K, used 0K [0x00000000d5580000, 0x00000000d7700000, 0x0000000100000000)
  eden space 17920K, 0% used [0x00000000d5580000,0x00000000d5580000,0x00000000d6700000)
  from space 4096K, 0% used [0x00000000d6700000,0x00000000d6700000,0x00000000d6b00000)
  to   space 8192K, 0% used [0x00000000d6f00000,0x00000000d6f00000,0x00000000d7700000)
 ParOldGen       total 113152K, used 72212K [0x0000000080000000, 0x0000000086e80000, 0x00000000d5580000)
  object space 113152K, 63% used [0x0000000080000000,0x0000000084685330,0x0000000086e80000)
 Metaspace       used 75844K, committed 77888K, reserved 1179648K
  class space    used 7756K, committed 8576K, reserved 1048576K
}
Event: 67276.473 GC heap before
{Heap before GC invocations=110 (full 4):
 PSYoungGen      total 22016K, used 17912K [0x00000000d5580000, 0x00000000d7700000, 0x0000000100000000)
  eden space 17920K, 99% used [0x00000000d5580000,0x00000000d66fe260,0x00000000d6700000)
  from space 4096K, 0% used [0x00000000d6700000,0x00000000d6700000,0x00000000d6b00000)
  to   space 8192K, 0% used [0x00000000d6f00000,0x00000000d6f00000,0x00000000d7700000)
 ParOldGen       total 113152K, used 72212K [0x0000000080000000, 0x0000000086e80000, 0x00000000d5580000)
  object space 113152K, 63% used [0x0000000080000000,0x0000000084685330,0x0000000086e80000)
 Metaspace       used 76234K, committed 78080K, reserved 1179648K
  class space    used 7775K, committed 8576K, reserved 1048576K
}
Event: 67276.483 GC heap after
{Heap after GC invocations=110 (full 4):
 PSYoungGen      total 21504K, used 3099K [0x00000000d5580000, 0x00000000d7280000, 0x0000000100000000)
  eden space 17920K, 0% used [0x00000000d5580000,0x00000000d5580000,0x00000000d6700000)
  from space 3584K, 86% used [0x00000000d6f00000,0x00000000d7206ea0,0x00000000d7280000)
  to   space 4608K, 0% used [0x00000000d6980000,0x00000000d6980000,0x00000000d6e00000)
 ParOldGen       total 113152K, used 72220K [0x0000000080000000, 0x0000000086e80000, 0x00000000d5580000)
  object space 113152K, 63% used [0x0000000080000000,0x0000000084687330,0x0000000086e80000)
 Metaspace       used 76234K, committed 78080K, reserved 1179648K
  class space    used 7775K, committed 8576K, reserved 1048576K
}

