# JRE version: OpenJDK Runtime Environment Temurin-21.0.10+7 (21.0.10+7) (build 21.0.10+7-LTS)
# Java VM: OpenJDK 64-Bit Server VM Temurin-21.0.10+7 (21.0.10+7-LTS, mixed mode, sharing, tiered, compressed oops, compressed class ptrs, parallel gc, windows-amd64)
GC Precious Log:
 CardTable entry size: 512
 CPUs: 4 total, 4 available
 Memory: 3918M
 Large Page Support: Disabled
 NUMA Support: Disabled
 Compressed Oops: Enabled (32-bit)
 Alignments: Space 512K, Generation 512K, Heap 2M
 Heap Min Capacity: 100M
 Heap Initial Capacity: 100M
 Heap Max Capacity: 2G
 Pre-touch: Disabled
 Parallel Workers: 4
Heap:
 PSYoungGen      total 10752K, used 1641K [0x00000000d5580000, 0x00000000d6480000, 0x0000000100000000)
  eden space 10240K, 12% used [0x00000000d5580000,0x00000000d56c24b0,0x00000000d5f80000)
  from space 512K, 68% used [0x00000000d6400000,0x00000000d6458000,0x00000000d6480000)
  to   space 512K, 0% used [0x00000000d6380000,0x00000000d6380000,0x00000000d6400000)
 ParOldGen       total 163840K, used 67989K [0x0000000080000000, 0x000000008a000000, 0x00000000d5580000)
  object space 163840K, 41% used [0x0000000080000000,0x00000000842657f0,0x000000008a000000)
 Metaspace       used 81375K, committed 83456K, reserved 1179648K
  class space    used 8328K, committed 9216K, reserved 1048576K
GC Heap History (20 events):
Event: 40290.809 GC heap before
{Heap before GC invocations=233 (full 3):
 PSYoungGen      total 10752K, used 10740K [0x00000000d5580000, 0x00000000d6480000, 0x0000000100000000)
  eden space 10240K, 100% used [0x00000000d5580000,0x00000000d5f80000,0x00000000d5f80000)
  from space 512K, 97% used [0x00000000d6380000,0x00000000d63fd220,0x00000000d6400000)
  to   space 512K, 0% used [0x00000000d6400000,0x00000000d6400000,0x00000000d6480000)
 ParOldGen       total 162816K, used 162322K [0x0000000080000000, 0x0000000089f00000, 0x00000000d5580000)
  object space 162816K, 99% used [0x0000000080000000,0x0000000089e84b30,0x0000000089f00000)
 Metaspace       used 81663K, committed 83328K, reserved 1179648K
  class space    used 8441K, committed 9216K, reserved 1048576K
}
Event: 40290.815 GC heap after
{Heap after GC invocations=233 (full 3):
 PSYoungGen      total 10752K, used 154K [0x00000000d5580000, 0x00000000d6480000, 0x0000000100000000)
  eden space 10240K, 0% used [0x00000000d5580000,0x00000000d5580000,0x00000000d5f80000)
  from space 512K, 30% used [0x00000000d6400000,0x00000000d6426900,0x00000000d6480000)
  to   space 512K, 0% used [0x00000000d6380000,0x00000000d6380000,0x00000000d6400000)
 ParOldGen       total 162816K, used 162813K [0x0000000080000000, 0x0000000089f00000, 0x00000000d5580000)
  object space 162816K, 99% used [0x0000000080000000,0x0000000089eff448,0x0000000089f00000)
 Metaspace       used 81663K, committed 83328K, reserved 1179648K
  class space    used 8441K, committed 9216K, reserved 1048576K
}
Event: 40302.433 GC heap before
{Heap before GC invocations=234 (full 3):
 PSYoungGen      total 10752K, used 10394K [0x00000000d5580000, 0x00000000d6480000, 0x0000000100000000)
  eden space 10240K, 100% used [0x00000000d5580000,0x00000000d5f80000,0x00000000d5f80000)
  from space 512K, 30% used [0x00000000d6400000,0x00000000d6426900,0x00000000d6480000)
  to   space 512K, 0% used [0x00000000d6380000,0x00000000d6380000,0x00000000d6400000)
 ParOldGen       total 162816K, used 162813K [0x0000000080000000, 0x0000000089f00000, 0x00000000d5580000)
  object space 162816K, 99% used [0x0000000080000000,0x0000000089eff448,0x0000000089f00000)
 Metaspace       used 81688K, committed 83392K, reserved 1179648K
  class space    used 8442K, committed 9216K, reserved 1048576K
}
Event: 40302.437 GC heap after
{Heap after GC invocations=234 (full 3):
 PSYoungGen      total 10752K, used 122K [0x00000000d5580000, 0x00000000d6480000, 0x0000000100000000)
  eden space 10240K, 0% used [0x00000000d5580000,0x00000000d5580000,0x00000000d5f80000)
  from space 512K, 23% used [0x00000000d6380000,0x00000000d639e900,0x00000000d6400000)
  to   space 512K, 0% used [0x00000000d6400000,0x00000000d6400000,0x00000000d6480000)
 ParOldGen       total 163328K, used 162858K [0x0000000080000000, 0x0000000089f80000, 0x00000000d5580000)
  object space 163328K, 99% used [0x0000000080000000,0x0000000089f0ab40,0x0000000089f80000)
 Metaspace       used 81688K, committed 83392K, reserved 1179648K
  class space    used 8442K, committed 9216K, reserved 1048576K
}
Event: 40310.818 GC heap before
{Heap before GC invocations=235 (full 3):
 PSYoungGen      total 10752K, used 10362K [0x00000000d5580000, 0x00000000d6480000, 0x0000000100000000)
  eden space 10240K, 100% used [0x00000000d5580000,0x00000000d5f80000,0x00000000d5f80000)
  from space 512K, 23% used [0x00000000d6380000,0x00000000d639e900,0x00000000d6400000)
  to   space 512K, 0% used [0x00000000d6400000,0x00000000d6400000,0x00000000d6480000)
 ParOldGen       total 163328K, used 162858K [0x0000000080000000, 0x0000000089f80000, 0x00000000d5580000)
  object space 163328K, 99% used [0x0000000080000000,0x0000000089f0ab40,0x0000000089f80000)
 Metaspace       used 81701K, committed 83392K, reserved 1179648K
  class space    used 8442K, committed 9216K, reserved 1048576K
}
Event: 40310.822 GC heap after
{Heap after GC invocations=235 (full 3):
 PSYoungGen      total 10752K, used 218K [0x00000000d5580000, 0x00000000d6480000, 0x0000000100000000)
  eden space 10240K, 0% used [0x00000000d5580000,0x00000000d5580000,0x00000000d5f80000)
  from space 512K, 42% used [0x00000000d6400000,0x00000000d6436900,0x00000000d6480000)
  to   space 512K, 0% used [0x00000000d6380000,0x00000000d6380000,0x00000000d6400000)
 ParOldGen       total 163328K, used 162882K [0x0000000080000000, 0x0000000089f80000, 0x00000000d5580000)
  object space 163328K, 99% used [0x0000000080000000,0x0000000089f10b40,0x0000000089f80000)
 Metaspace       used 81701K, committed 83392K, reserved 1179648K
  class space    used 8442K, committed 9216K, reserved 1048576K
}
Event: 40314.333 GC heap before
{Heap before GC invocations=236 (full 3):
 PSYoungGen      total 10752K, used 10458K [0x00000000d5580000, 0x00000000d6480000, 0x0000000100000000)
  eden space 10240K, 100% used [0x00000000d5580000,0x00000000d5f80000,0x00000000d5f80000)
  from space 512K, 42% used [0x00000000d6400000,0x00000000d6436900,0x00000000d6480000)
  to   space 512K, 0% used [0x00000000d6380000,0x00000000d6380000,0x00000000d6400000)
 ParOldGen       total 163328K, used 162882K [0x0000000080000000, 0x0000000089f80000, 0x00000000d5580000)
  object space 163328K, 99% used [0x0000000080000000,0x0000000089f10b40,0x0000000089f80000)
 Metaspace       used 81721K, committed 83456K, reserved 1179648K
  class space    used 8444K, committed 9216K, reserved 1048576K
}
Event: 40314.337 GC heap after
{Heap after GC invocations=236 (full 3):
 PSYoungGen      total 10752K, used 128K [0x00000000d5580000, 0x00000000d6480000, 0x0000000100000000)
  eden space 10240K, 0% used [0x00000000d5580000,0x00000000d5580000,0x00000000d5f80000)
  from space 512K, 25% used [0x00000000d6380000,0x00000000d63a0000,0x00000000d6400000)
  to   space 512K, 0% used [0x00000000d6400000,0x00000000d6400000,0x00000000d6480000)
 ParOldGen       total 163328K, used 162898K [0x0000000080000000, 0x0000000089f80000, 0x00000000d5580000)
  object space 163328K, 99% used [0x0000000080000000,0x0000000089f14b40,0x0000000089f80000)
 Metaspace       used 81721K, committed 83456K, reserved 1179648K
  class space    used 8444K, committed 9216K, reserved 1048576K
}
Event: 40320.252 GC heap before
{Heap before GC invocations=237 (full 3):
 PSYoungGen      total 10752K, used 10368K [0x00000000d5580000, 0x00000000d6480000, 0x0000000100000000)
  eden space 10240K, 100% used [0x00000000d5580000,0x00000000d5f80000,0x00000000d5f80000)
  from space 512K, 25% used [0x00000000d6380000,0x00000000d63a0000,0x00000000d6400000)
  to   space 512K, 0% used [0x00000000d6400000,0x00000000d6400000,0x00000000d6480000)
 ParOldGen       total 163328K, used 162898K [0x0000000080000000, 0x0000000089f80000, 0x00000000d5580000)
  object space 163328K, 99% used [0x0000000080000000,0x0000000089f14b40,0x0000000089f80000)
 Metaspace       used 81725K, committed 83456K, reserved 1179648K
  class space    used 8444K, committed 9216K, reserved 1048576K
}
Event: 40320.257 GC heap after
{Heap after GC invocations=237 (full 3):
 PSYoungGen      total 10752K, used 500K [0x00000000d5580000, 0x00000000d6480000, 0x0000000100000000)
  eden space 10240K, 0% used [0x00000000d5580000,0x00000000d5580000,0x00000000d5f80000)
  from space 512K, 97% used [0x00000000d6400000,0x00000000d647d200,0x00000000d6480000)
  to   space 1024K, 0% used [0x00000000d6280000,0x00000000d6280000,0x00000000d6380000)
 ParOldGen       total 163328K, used 163042K [0x0000000080000000, 0x0000000089f80000, 0x00000000d5580000)
  object space 163328K, 99% used [0x0000000080000000,0x0000000089f38b40,0x0000000089f80000)
 Metaspace       used 81725K, committed 83456K, reserved 1179648K
  class space    used 8444K, committed 9216K, reserved 1048576K
}
Event: 40325.754 GC heap before
{Heap before GC invocations=238 (full 3):
 PSYoungGen      total 10752K, used 10740K [0x00000000d5580000, 0x00000000d6480000, 0x0000000100000000)
  eden space 10240K, 100% used [0x00000000d5580000,0x00000000d5f80000,0x00000000d5f80000)
  from space 512K, 97% used [0x00000000d6400000,0x00000000d647d200,0x00000000d6480000)
  to   space 1024K, 0% used [0x00000000d6280000,0x00000000d6280000,0x00000000d6380000)
 ParOldGen       total 163328K, used 163042K [0x0000000080000000, 0x0000000089f80000, 0x00000000d5580000)
  object space 163328K, 99% used [0x0000000080000000,0x0000000089f38b40,0x0000000089f80000)
 Metaspace       used 81734K, committed 83456K, reserved 1179648K
  class space    used 8444K, committed 9216K, reserved 1048576K
}
Event: 40325.763 GC heap after
{Heap after GC invocations=238 (full 3):
 PSYoungGen      total 11264K, used 96K [0x00000000d5580000, 0x00000000d6480000, 0x0000000100000000)
  eden space 10240K, 0% used [0x00000000d5580000,0x00000000d5580000,0x00000000d5f80000)
  from space 1024K, 9% used [0x00000000d6280000,0x00000000d6298000,0x00000000d6380000)
  to   space 512K, 0% used [0x00000000d6400000,0x00000000d6400000,0x00000000d6480000)
 ParOldGen       total 163840K, used 163525K [0x0000000080000000, 0x000000008a000000, 0x00000000d5580000)
  object space 163840K, 99% used [0x0000000080000000,0x0000000089fb1438,0x000000008a000000)
 Metaspace       used 81734K, committed 83456K, reserved 1179648K
  class space    used 8444K, committed 9216K, reserved 1048576K
}
Event: 40330.778 GC heap before
{Heap before GC invocations=239 (full 3):
 PSYoungGen      total 11264K, used 8189K [0x00000000d5580000, 0x00000000d6480000, 0x0000000100000000)
  eden space 10240K, 79% used [0x00000000d5580000,0x00000000d5d675c0,0x00000000d5f80000)
  from space 1024K, 9% used [0x00000000d6280000,0x00000000d6298000,0x00000000d6380000)
  to   space 512K, 0% used [0x00000000d6400000,0x00000000d6400000,0x00000000d6480000)
 ParOldGen       total 163840K, used 163525K [0x0000000080000000, 0x000000008a000000, 0x00000000d5580000)
  object space 163840K, 99% used [0x0000000080000000,0x0000000089fb1438,0x000000008a000000)
 Metaspace       used 81750K, committed 83456K, reserved 1179648K
  class space    used 8444K, committed 9216K, reserved 1048576K
}
Event: 40330.782 GC heap after
{Heap after GC invocations=239 (full 3):
 PSYoungGen      total 10752K, used 64K [0x00000000d5580000, 0x00000000d6480000, 0x0000000100000000)
  eden space 10240K, 0% used [0x00000000d5580000,0x00000000d5580000,0x00000000d5f80000)
  from space 512K, 12% used [0x00000000d6400000,0x00000000d6410000,0x00000000d6480000)
  to   space 512K, 0% used [0x00000000d6380000,0x00000000d6380000,0x00000000d6400000)
 ParOldGen       total 163840K, used 163589K [0x0000000080000000, 0x000000008a000000, 0x00000000d5580000)
  object space 163840K, 99% used [0x0000000080000000,0x0000000089fc1438,0x000000008a000000)
 Metaspace       used 81750K, committed 83456K, reserved 1179648K
  class space    used 8444K, committed 9216K, reserved 1048576K
}
Event: 40330.782 GC heap before
{Heap before GC invocations=240 (full 4):
 PSYoungGen      total 10752K, used 64K [0x00000000d5580000, 0x00000000d6480000, 0x0000000100000000)
  eden space 10240K, 0% used [0x00000000d5580000,0x00000000d5580000,0x00000000d5f80000)
  from space 512K, 12% used [0x00000000d6400000,0x00000000d6410000,0x00000000d6480000)
  to   space 512K, 0% used [0x00000000d6380000,0x00000000d6380000,0x00000000d6400000)
 ParOldGen       total 163840K, used 163589K [0x0000000080000000, 0x000000008a000000, 0x00000000d5580000)
  object space 163840K, 99% used [0x0000000080000000,0x0000000089fc1438,0x000000008a000000)
 Metaspace       used 81750K, committed 83456K, reserved 1179648K
  class space    used 8444K, committed 9216K, reserved 1048576K
}
Event: 40334.154 GC heap after
{Heap after GC invocations=240 (full 4):
 PSYoungGen      total 10752K, used 0K [0x00000000d5580000, 0x00000000d6480000, 0x0000000100000000)
  eden space 10240K, 0% used [0x00000000d5580000,0x00000000d5580000,0x00000000d5f80000)
  from space 512K, 0% used [0x00000000d6400000,0x00000000d6400000,0x00000000d6480000)
  to   space 512K, 0% used [0x00000000d6380000,0x00000000d6380000,0x00000000d6400000)
 ParOldGen       total 163840K, used 67425K [0x0000000080000000, 0x000000008a000000, 0x00000000d5580000)
  object space 163840K, 41% used [0x0000000080000000,0x00000000841d85c0,0x000000008a000000)
 Metaspace       used 81249K, committed 83456K, reserved 1179648K
  class space    used 8318K, committed 9216K, reserved 1048576K
}
Event: 40738.746 GC heap before
{Heap before GC invocations=241 (full 4):
 PSYoungGen      total 10752K, used 10240K [0x00000000d5580000, 0x00000000d6480000, 0x0000000100000000)
  eden space 10240K, 100% used [0x00000000d5580000,0x00000000d5f80000,0x00000000d5f80000)
  from space 512K, 0% used [0x00000000d6400000,0x00000000d6400000,0x00000000d6480000)
  to   space 512K, 0% used [0x00000000d6380000,0x00000000d6380000,0x00000000d6400000)
 ParOldGen       total 163840K, used 67425K [0x0000000080000000, 0x000000008a000000, 0x00000000d5580000)
  object space 163840K, 41% used [0x0000000080000000,0x00000000841d85c0,0x000000008a000000)
 Metaspace       used 81276K, committed 83456K, reserved 1179648K
  class space    used 8322K, committed 9216K, reserved 1048576K
}
Event: 40738.918 GC heap after
{Heap after GC invocations=241 (full 4):
 PSYoungGen      total 10752K, used 484K [0x00000000d5580000, 0x00000000d6480000, 0x0000000100000000)
  eden space 10240K, 0% used [0x00000000d5580000,0x00000000d5580000,0x00000000d5f80000)
  from space 512K, 94% used [0x00000000d6380000,0x00000000d63f9230,0x00000000d6400000)
  to   space 512K, 0% used [0x00000000d6400000,0x00000000d6400000,0x00000000d6480000)
 ParOldGen       total 163840K, used 67561K [0x0000000080000000, 0x000000008a000000, 0x00000000d5580000)
  object space 163840K, 41% used [0x0000000080000000,0x00000000841fa5c0,0x000000008a000000)
 Metaspace       used 81276K, committed 83456K, reserved 1179648K
  class space    used 8322K, committed 9216K, reserved 1048576K
}
Event: 49362.481 GC heap before
{Heap before GC invocations=242 (full 4):
 PSYoungGen      total 10752K, used 10724K [0x00000000d5580000, 0x00000000d6480000, 0x0000000100000000)
  eden space 10240K, 100% used [0x00000000d5580000,0x00000000d5f80000,0x00000000d5f80000)
  from space 512K, 94% used [0x00000000d6380000,0x00000000d63f9230,0x00000000d6400000)
  to   space 512K, 0% used [0x00000000d6400000,0x00000000d6400000,0x00000000d6480000)
 ParOldGen       total 163840K, used 67561K [0x0000000080000000, 0x000000008a000000, 0x00000000d5580000)
  object space 163840K, 41% used [0x0000000080000000,0x00000000841fa5c0,0x000000008a000000)
 Metaspace       used 81373K, committed 83456K, reserved 1179648K
  class space    used 8328K, committed 9216K, reserved 1048576K
}
Event: 49362.662 GC heap after
{Heap after GC invocations=242 (full 4):
 PSYoungGen      total 10752K, used 352K [0x00000000d5580000, 0x00000000d6480000, 0x0000000100000000)
  eden space 10240K, 0% used [0x00000000d5580000,0x00000000d5580000,0x00000000d5f80000)
  from space 512K, 68% used [0x00000000d6400000,0x00000000d6458000,0x00000000d6480000)
  to   space 512K, 0% used [0x00000000d6380000,0x00000000d6380000,0x00000000d6400000)
 ParOldGen       total 163840K, used 67989K [0x0000000080000000, 0x000000008a000000, 0x00000000d5580000)
  object space 163840K, 41% used [0x0000000080000000,0x00000000842657f0,0x000000008a000000)
 Metaspace       used 81373K, committed 83456K, reserved 1179648K
  class space    used 8328K, committed 9216K, reserved 1048576K
}

